2025-11-22 15:27:19,278 P1639 [INFO] ************************************************************
2025-11-22 15:27:19,279 P1639 [INFO] ConfigSet _OnInstanceBoot
2025-11-22 15:27:19,281 P1639 [INFO] ++++++++++++++++++++++++++++++++++++++++++++++++++++++++++++
2025-11-22 15:27:19,281 P1639 [INFO] Config AWSEBBaseConfig
2025-11-22 15:27:19,603 P1639 [INFO] ============================================================
2025-11-22 15:27:19,603 P1639 [INFO] Command clearbackupfiles
2025-11-22 15:27:19,614 P1639 [INFO] Completed successfully.
2025-11-22 15:27:19,617 P1639 [INFO] ++++++++++++++++++++++++++++++++++++++++++++++++++++++++++++
2025-11-22 15:27:19,617 P1639 [INFO] Config AWSEBCfnHupEndpointOverride
2025-11-22 15:27:19,618 P1639 [INFO] ============================================================
2025-11-22 15:27:19,618 P1639 [INFO] Command clearbackupfiles
2025-11-22 15:27:19,622 P1639 [INFO] Completed successfully.
2025-11-22 15:28:27,131 P1883 [INFO] ************************************************************
2025-11-22 15:28:27,131 P1883 [INFO] ConfigSet Infra-EmbeddedPreBuild
2025-11-22 15:28:35,865 P2040 [INFO] ************************************************************
2025-11-22 15:28:35,865 P2040 [INFO] ConfigSet Infra-EmbeddedPostBuild
2025-11-22 19:03:00,296 P9483 [INFO] ************************************************************
2025-11-22 19:03:00,297 P9483 [INFO] ConfigSet Infra-EmbeddedPreBuild
2025-11-22 19:03:08,299 P9753 [INFO] ************************************************************
2025-11-22 19:03:08,299 P9753 [INFO] ConfigSet Infra-EmbeddedPostBuild
2025-11-22 19:08:05,328 P10172 [INFO] ************************************************************
2025-11-22 19:08:05,328 P10172 [INFO] ConfigSet Infra-EmbeddedPreBuild
2025-11-22 19:08:24,875 P10443 [INFO] ************************************************************
2025-11-22 19:08:24,875 P10443 [INFO] ConfigSet Infra-EmbeddedPostBuild
2025-11-22 19:10:13,893 P10928 [INFO] ************************************************************
2025-11-22 19:10:13,893 P10928 [INFO] ConfigSet Infra-EmbeddedPreBuild
2025-11-22 19:10:21,079 P11148 [INFO] ************************************************************
2025-11-22 19:10:21,079 P11148 [INFO] ConfigSet Infra-EmbeddedPostBuild
2025-11-23 09:16:22,278 P39485 [INFO] ************************************************************
2025-11-23 09:16:22,278 P39485 [INFO] ConfigSet Infra-EmbeddedPreBuild
2025-11-23 09:16:29,357 P39707 [INFO] ************************************************************
2025-11-23 09:16:29,357 P39707 [INFO] ConfigSet Infra-EmbeddedPostBuild
2025-11-23 09:40:00,745 P40802 [INFO] ************************************************************
2025-11-23 09:40:00,745 P40802 [INFO] ConfigSet Infra-EmbeddedPreBuild
2025-11-23 09:40:09,563 P41027 [INFO] ************************************************************
2025-11-23 09:40:09,563 P41027 [INFO] ConfigSet Infra-EmbeddedPostBuild
