2025-11-22 15:27:22,956 [DEBUG] CloudFormation client initialized with endpoint https://cloudformation.us-east-1.amazonaws.com
2025-11-22 15:27:22,957 [DEBUG] SQS client initialized with endpoint https://sqs.us-east-1.amazonaws.com
2025-11-22 15:27:22,957 [DEBUG] CloudFormation client initialized with endpoint https://cloudformation.us-east-1.amazonaws.com
2025-11-22 15:27:22,957 [DEBUG] Enabled single threading mode.
2025-11-22 15:27:22,957 [DEBUG] Creating /var/lib/cfn-hup/data
2025-11-22 15:27:22,968 [INFO] No umask value specified in config file. Using the default one: 0o22
2025-11-22 15:27:23,027 [INFO] Pid: 1770
2025-11-22 15:27:24,753 [INFO] Refreshing listener credentials
2025-11-22 15:27:24,836 [INFO] Scheduling next credential refresh in 1799.0 seconds
2025-11-22 15:28:24,839 [WARNING] Timeout of 60 seconds breached
2025-11-22 15:28:24,839 [ERROR] Client-side timeout
Traceback (most recent call last):
  File "/usr/lib/python3.9/site-packages/cfnbootstrap/util.py", line 191, in _retry
    return f(*args, **kwargs)
  File "/usr/lib/python3.9/site-packages/cfnbootstrap/util.py", line 264, in _timeout
    raise TimeoutError(
cfnbootstrap.util.TimeoutError
2025-11-22 15:28:25,804 [INFO] Received command ElasticBeanstalkCommand-AWSEBAutoScalingGroup (invocation id: 1e97c8ff-c0a8-4486-af4c-b5e883a65398)
2025-11-22 15:28:25,804 [INFO] Running action for aws-eb-command-handler
2025-11-22 15:28:37,346 [INFO] Action for aws-eb-command-handler succeeded, returning SUCCESS
2025-11-22 15:32:37,777 [INFO] command processing is alive.
2025-11-22 15:37:38,207 [INFO] command processing is alive.
2025-11-22 15:42:38,625 [INFO] command processing is alive.
2025-11-22 15:47:39,051 [INFO] command processing is alive.
2025-11-22 15:52:39,517 [INFO] command processing is alive.
2025-11-22 15:57:23,837 [INFO] Refreshing listener credentials
2025-11-22 15:57:23,930 [INFO] Scheduling next credential refresh in 1799.0 seconds
2025-11-22 15:57:39,990 [INFO] command processing is alive.
2025-11-22 15:58:21,769 [INFO] Received command ElasticBeanstalkCommand-AWSEBAutoScalingGroup (invocation id: 9a786195-10e4-4ac5-8ede-232b1788e794)
2025-11-22 15:58:21,770 [INFO] Running action for aws-eb-command-handler
2025-11-22 15:58:23,091 [INFO] Action for aws-eb-command-handler succeeded, returning SUCCESS
2025-11-22 16:02:43,615 [INFO] command processing is alive.
2025-11-22 16:07:44,035 [INFO] command processing is alive.
2025-11-22 16:12:44,474 [INFO] command processing is alive.
2025-11-22 16:17:44,900 [INFO] command processing is alive.
2025-11-22 16:22:45,378 [INFO] command processing is alive.
2025-11-22 16:27:22,931 [INFO] Refreshing listener credentials
2025-11-22 16:27:23,007 [INFO] Scheduling next credential refresh in 1799.0 seconds
2025-11-22 16:27:45,814 [INFO] command processing is alive.
2025-11-22 16:27:46,988 [INFO] Received command ElasticBeanstalkCommand-AWSEBAutoScalingGroup (invocation id: d4959310-9505-4283-a9ce-6126a3e4d831)
2025-11-22 16:27:46,988 [INFO] Running action for aws-eb-command-handler
2025-11-22 16:27:48,229 [INFO] Action for aws-eb-command-handler succeeded, returning SUCCESS
2025-11-22 16:32:48,741 [INFO] command processing is alive.
2025-11-22 16:37:49,180 [INFO] command processing is alive.
2025-11-22 16:42:49,645 [INFO] command processing is alive.
2025-11-22 16:47:50,094 [INFO] command processing is alive.
2025-11-22 16:52:50,514 [INFO] command processing is alive.
2025-11-22 16:57:22,007 [INFO] Refreshing listener credentials
2025-11-22 16:57:22,090 [INFO] Scheduling next credential refresh in 1799.0 seconds
2025-11-22 16:57:50,949 [INFO] command processing is alive.
2025-11-22 17:02:51,371 [INFO] command processing is alive.
2025-11-22 17:07:51,802 [INFO] command processing is alive.
2025-11-22 17:12:52,240 [INFO] command processing is alive.
2025-11-22 17:17:52,660 [INFO] command processing is alive.
2025-11-22 17:22:53,073 [INFO] command processing is alive.
2025-11-22 17:27:21,090 [INFO] Refreshing listener credentials
2025-11-22 17:27:21,176 [INFO] Scheduling next credential refresh in 1799.0 seconds
2025-11-22 17:27:53,524 [INFO] command processing is alive.
2025-11-22 17:32:53,946 [INFO] command processing is alive.
2025-11-22 17:37:55,588 [INFO] command processing is alive.
2025-11-22 17:42:56,009 [INFO] command processing is alive.
2025-11-22 17:47:56,477 [INFO] command processing is alive.
2025-11-22 17:52:56,930 [INFO] command processing is alive.
2025-11-22 17:57:20,177 [INFO] Refreshing listener credentials
2025-11-22 17:57:20,258 [INFO] Scheduling next credential refresh in 1799.0 seconds
2025-11-22 17:57:57,387 [INFO] command processing is alive.
2025-11-22 18:02:57,845 [INFO] command processing is alive.
2025-11-22 18:07:58,304 [INFO] command processing is alive.
2025-11-22 18:12:58,798 [INFO] command processing is alive.
2025-11-22 18:17:59,254 [INFO] command processing is alive.
2025-11-22 18:22:59,704 [INFO] command processing is alive.
2025-11-22 18:27:19,259 [INFO] Refreshing listener credentials
2025-11-22 18:27:19,334 [INFO] Scheduling next credential refresh in 1799.0 seconds
2025-11-22 18:28:00,160 [INFO] command processing is alive.
2025-11-22 18:33:00,613 [INFO] command processing is alive.
2025-11-22 18:38:01,048 [INFO] command processing is alive.
2025-11-22 18:43:01,565 [INFO] command processing is alive.
2025-11-22 18:48:02,047 [INFO] command processing is alive.
2025-11-22 18:53:02,582 [INFO] command processing is alive.
2025-11-22 18:57:18,335 [INFO] Refreshing listener credentials
2025-11-22 18:57:18,419 [INFO] Scheduling next credential refresh in 1799.0 seconds
2025-11-22 18:58:03,041 [INFO] command processing is alive.
2025-11-22 19:02:58,854 [INFO] Received command ElasticBeanstalkCommand-AWSEBAutoScalingGroup (invocation id: 05bb1c55-a0a8-406d-b608-cee9eafc809c)
2025-11-22 19:02:58,854 [INFO] Running action for aws-eb-command-handler
2025-11-22 19:03:11,618 [INFO] Action for aws-eb-command-handler succeeded, returning SUCCESS
2025-11-22 19:03:11,683 [INFO] command processing is alive.
2025-11-22 19:08:03,917 [INFO] Received command ElasticBeanstalkCommand-AWSEBAutoScalingGroup (invocation id: 6b614fb9-ae12-49c1-890b-6ceaf5643715)
2025-11-22 19:08:03,917 [INFO] Running action for aws-eb-command-handler
2025-11-22 19:08:28,189 [INFO] Action for aws-eb-command-handler succeeded, returning SUCCESS
2025-11-22 19:08:28,281 [INFO] command processing is alive.
2025-11-22 19:10:12,487 [INFO] Received command ElasticBeanstalkCommand-AWSEBAutoScalingGroup (invocation id: c59acb03-cadc-43c6-9f7d-11c7e73b723f)
2025-11-22 19:10:12,488 [INFO] Running action for aws-eb-command-handler
2025-11-22 19:10:24,352 [INFO] Action for aws-eb-command-handler succeeded, returning SUCCESS
2025-11-22 19:13:44,712 [INFO] command processing is alive.
2025-11-22 19:18:45,186 [INFO] command processing is alive.
2025-11-22 19:19:48,665 [INFO] Received command ElasticBeanstalkCommand-AWSEBAutoScalingGroup (invocation id: 31075078-e037-4779-849d-162a591adecb)
2025-11-22 19:19:48,666 [INFO] Running action for aws-eb-command-handler
2025-11-22 19:19:49,451 [INFO] Action for aws-eb-command-handler succeeded, returning SUCCESS
2025-11-22 19:23:49,866 [INFO] command processing is alive.
2025-11-22 19:27:17,420 [INFO] Refreshing listener credentials
2025-11-22 19:27:17,499 [INFO] Scheduling next credential refresh in 1799.0 seconds
2025-11-22 19:28:34,639 [INFO] Received command ElasticBeanstalkCommand-AWSEBAutoScalingGroup (invocation id: 7c56ce2e-feda-47c8-a0a5-00449f995968)
2025-11-22 19:28:34,639 [INFO] Running action for aws-eb-command-handler
2025-11-22 19:28:35,464 [INFO] Action for aws-eb-command-handler succeeded, returning SUCCESS
2025-11-22 19:28:55,548 [INFO] command processing is alive.
2025-11-22 19:33:55,978 [INFO] command processing is alive.
2025-11-22 19:38:56,404 [INFO] command processing is alive.
2025-11-22 19:43:56,823 [INFO] command processing is alive.
2025-11-22 19:48:57,260 [INFO] command processing is alive.
2025-11-22 19:53:57,683 [INFO] command processing is alive.
2025-11-22 19:57:16,499 [INFO] Refreshing listener credentials
2025-11-22 19:57:16,616 [INFO] Scheduling next credential refresh in 1799.0 seconds
2025-11-22 19:58:58,120 [INFO] command processing is alive.
2025-11-22 20:03:58,547 [INFO] command processing is alive.
2025-11-22 20:08:58,978 [INFO] command processing is alive.
2025-11-22 20:13:59,394 [INFO] command processing is alive.
2025-11-22 20:18:59,808 [INFO] command processing is alive.
2025-11-22 20:24:00,279 [INFO] command processing is alive.
2025-11-22 20:27:15,616 [INFO] Refreshing listener credentials
2025-11-22 20:27:15,712 [INFO] Scheduling next credential refresh in 1799.0 seconds
2025-11-22 20:29:00,836 [INFO] command processing is alive.
2025-11-22 20:34:01,287 [INFO] command processing is alive.
2025-11-22 20:39:01,860 [INFO] command processing is alive.
2025-11-22 20:44:02,405 [INFO] command processing is alive.
2025-11-22 20:49:02,900 [INFO] command processing is alive.
2025-11-22 20:54:03,357 [INFO] command processing is alive.
2025-11-22 20:57:14,713 [INFO] Refreshing listener credentials
2025-11-22 20:57:14,792 [INFO] Scheduling next credential refresh in 1799.0 seconds
2025-11-22 20:59:03,785 [INFO] command processing is alive.
2025-11-22 21:04:04,248 [INFO] command processing is alive.
2025-11-22 21:09:04,671 [INFO] command processing is alive.
2025-11-22 21:14:05,176 [INFO] command processing is alive.
2025-11-22 21:19:05,611 [INFO] command processing is alive.
2025-11-22 21:24:06,063 [INFO] command processing is alive.
2025-11-22 21:27:13,793 [INFO] Refreshing listener credentials
2025-11-22 21:27:13,872 [INFO] Scheduling next credential refresh in 1799.0 seconds
2025-11-22 21:29:06,554 [INFO] command processing is alive.
2025-11-22 21:34:06,969 [INFO] command processing is alive.
2025-11-22 21:39:07,384 [INFO] command processing is alive.
2025-11-22 21:44:07,803 [INFO] command processing is alive.
2025-11-22 21:49:08,241 [INFO] command processing is alive.
2025-11-22 21:54:08,699 [INFO] command processing is alive.
2025-11-22 21:57:12,872 [INFO] Refreshing listener credentials
2025-11-22 21:57:12,956 [INFO] Scheduling next credential refresh in 1799.0 seconds
2025-11-22 21:59:09,124 [INFO] command processing is alive.
2025-11-22 22:04:09,566 [INFO] command processing is alive.
2025-11-22 22:09:10,007 [INFO] command processing is alive.
2025-11-22 22:14:10,436 [INFO] command processing is alive.
2025-11-22 22:19:10,913 [INFO] command processing is alive.
2025-11-22 22:24:11,340 [INFO] command processing is alive.
2025-11-22 22:27:11,957 [INFO] Refreshing listener credentials
2025-11-22 22:27:12,046 [INFO] Scheduling next credential refresh in 1799.0 seconds
2025-11-22 22:29:11,759 [INFO] command processing is alive.
2025-11-22 22:34:12,187 [INFO] command processing is alive.
2025-11-22 22:39:12,606 [INFO] command processing is alive.
2025-11-22 22:44:13,025 [INFO] command processing is alive.
2025-11-22 22:49:13,437 [INFO] command processing is alive.
2025-11-22 22:54:13,955 [INFO] command processing is alive.
2025-11-22 22:57:11,046 [INFO] Refreshing listener credentials
2025-11-22 22:57:11,126 [INFO] Scheduling next credential refresh in 1799.0 seconds
2025-11-22 22:59:14,381 [INFO] command processing is alive.
2025-11-22 23:04:14,802 [INFO] command processing is alive.
2025-11-22 23:09:15,236 [INFO] command processing is alive.
2025-11-22 23:14:15,688 [INFO] command processing is alive.
2025-11-22 23:19:16,139 [INFO] command processing is alive.
2025-11-22 23:24:16,560 [INFO] command processing is alive.
2025-11-22 23:27:10,127 [INFO] Refreshing listener credentials
2025-11-22 23:27:10,206 [INFO] Scheduling next credential refresh in 1799.0 seconds
2025-11-22 23:29:16,997 [INFO] command processing is alive.
2025-11-22 23:34:17,462 [INFO] command processing is alive.
2025-11-22 23:39:17,874 [INFO] command processing is alive.
2025-11-22 23:44:18,334 [INFO] command processing is alive.
2025-11-22 23:49:18,745 [INFO] command processing is alive.
2025-11-22 23:54:19,164 [INFO] command processing is alive.
2025-11-22 23:57:09,207 [INFO] Refreshing listener credentials
2025-11-22 23:57:09,290 [INFO] Scheduling next credential refresh in 1799.0 seconds
2025-11-22 23:59:19,579 [INFO] command processing is alive.
2025-11-23 00:04:20,004 [INFO] command processing is alive.
2025-11-23 00:09:20,472 [INFO] command processing is alive.
2025-11-23 00:14:20,892 [INFO] command processing is alive.
2025-11-23 00:19:21,391 [INFO] command processing is alive.
2025-11-23 00:24:22,070 [INFO] command processing is alive.
2025-11-23 00:27:08,291 [INFO] Refreshing listener credentials
2025-11-23 00:27:08,374 [INFO] Scheduling next credential refresh in 1799.0 seconds
2025-11-23 00:29:22,541 [INFO] command processing is alive.
2025-11-23 00:34:23,031 [INFO] command processing is alive.
2025-11-23 00:39:23,483 [INFO] command processing is alive.
2025-11-23 00:44:23,915 [INFO] command processing is alive.
2025-11-23 00:49:24,347 [INFO] command processing is alive.
2025-11-23 00:54:24,761 [INFO] command processing is alive.
2025-11-23 00:57:07,374 [INFO] Refreshing listener credentials
2025-11-23 00:57:07,452 [INFO] Scheduling next credential refresh in 1799.0 seconds
2025-11-23 00:59:25,186 [INFO] command processing is alive.
2025-11-23 01:04:25,623 [INFO] command processing is alive.
2025-11-23 01:09:26,087 [INFO] command processing is alive.
2025-11-23 01:14:26,514 [INFO] command processing is alive.
2025-11-23 01:19:26,930 [INFO] command processing is alive.
2025-11-23 01:24:27,384 [INFO] command processing is alive.
2025-11-23 01:27:06,453 [INFO] Refreshing listener credentials
2025-11-23 01:27:06,527 [INFO] Scheduling next credential refresh in 1799.0 seconds
2025-11-23 01:29:27,801 [INFO] command processing is alive.
2025-11-23 01:34:28,209 [INFO] command processing is alive.
2025-11-23 01:39:28,621 [INFO] command processing is alive.
2025-11-23 01:44:29,022 [INFO] command processing is alive.
2025-11-23 01:49:29,512 [INFO] command processing is alive.
2025-11-23 01:54:29,932 [INFO] command processing is alive.
2025-11-23 01:57:05,527 [INFO] Refreshing listener credentials
2025-11-23 01:57:05,611 [INFO] Scheduling next credential refresh in 1799.0 seconds
2025-11-23 01:59:30,377 [INFO] command processing is alive.
2025-11-23 02:04:30,805 [INFO] command processing is alive.
2025-11-23 02:09:31,249 [INFO] command processing is alive.
2025-11-23 02:14:31,666 [INFO] command processing is alive.
2025-11-23 02:19:32,092 [INFO] command processing is alive.
2025-11-23 02:24:32,530 [INFO] command processing is alive.
2025-11-23 02:27:04,612 [INFO] Refreshing listener credentials
2025-11-23 02:27:04,742 [INFO] Scheduling next credential refresh in 1799.0 seconds
2025-11-23 02:29:32,953 [INFO] command processing is alive.
2025-11-23 02:34:33,399 [INFO] command processing is alive.
2025-11-23 02:39:33,817 [INFO] command processing is alive.
2025-11-23 02:44:34,261 [INFO] command processing is alive.
2025-11-23 02:49:34,706 [INFO] command processing is alive.
2025-11-23 02:54:35,130 [INFO] command processing is alive.
2025-11-23 02:57:03,743 [INFO] Refreshing listener credentials
2025-11-23 02:57:03,826 [INFO] Scheduling next credential refresh in 1799.0 seconds
2025-11-23 02:59:35,553 [INFO] command processing is alive.
2025-11-23 03:04:36,028 [INFO] command processing is alive.
2025-11-23 03:09:36,453 [INFO] command processing is alive.
2025-11-23 03:14:36,873 [INFO] command processing is alive.
2025-11-23 03:19:37,301 [INFO] command processing is alive.
2025-11-23 03:24:37,726 [INFO] command processing is alive.
2025-11-23 03:27:02,827 [INFO] Refreshing listener credentials
2025-11-23 03:27:02,908 [INFO] Scheduling next credential refresh in 1799.0 seconds
2025-11-23 03:29:38,173 [INFO] command processing is alive.
2025-11-23 03:34:38,623 [INFO] command processing is alive.
2025-11-23 03:39:39,037 [INFO] command processing is alive.
2025-11-23 03:44:39,532 [INFO] command processing is alive.
2025-11-23 03:49:39,964 [INFO] command processing is alive.
2025-11-23 03:54:40,496 [INFO] command processing is alive.
2025-11-23 03:57:01,908 [INFO] Refreshing listener credentials
2025-11-23 03:57:02,010 [INFO] Scheduling next credential refresh in 1799.0 seconds
2025-11-23 03:59:40,952 [INFO] command processing is alive.
2025-11-23 04:04:41,437 [INFO] command processing is alive.
2025-11-23 04:09:42,011 [INFO] command processing is alive.
2025-11-23 04:14:42,627 [INFO] command processing is alive.
2025-11-23 04:19:43,079 [INFO] command processing is alive.
2025-11-23 04:24:43,495 [INFO] command processing is alive.
2025-11-23 04:27:01,010 [INFO] Refreshing listener credentials
2025-11-23 04:27:01,090 [INFO] Scheduling next credential refresh in 1799.0 seconds
2025-11-23 04:29:43,908 [INFO] command processing is alive.
2025-11-23 04:34:44,332 [INFO] command processing is alive.
2025-11-23 04:39:44,749 [INFO] command processing is alive.
2025-11-23 04:44:45,211 [INFO] command processing is alive.
2025-11-23 04:49:45,633 [INFO] command processing is alive.
2025-11-23 04:54:46,047 [INFO] command processing is alive.
2025-11-23 04:57:00,090 [INFO] Refreshing listener credentials
2025-11-23 04:57:00,201 [INFO] Scheduling next credential refresh in 1799.0 seconds
2025-11-23 04:59:46,513 [INFO] command processing is alive.
2025-11-23 05:04:46,963 [INFO] command processing is alive.
2025-11-23 05:09:47,374 [INFO] command processing is alive.
2025-11-23 05:14:47,796 [INFO] command processing is alive.
2025-11-23 05:19:48,260 [INFO] command processing is alive.
2025-11-23 05:24:48,694 [INFO] command processing is alive.
2025-11-23 05:26:59,201 [INFO] Refreshing listener credentials
2025-11-23 05:26:59,281 [INFO] Scheduling next credential refresh in 1799.0 seconds
2025-11-23 05:29:49,103 [INFO] command processing is alive.
2025-11-23 05:34:49,541 [INFO] command processing is alive.
2025-11-23 05:39:49,963 [INFO] command processing is alive.
2025-11-23 05:44:50,387 [INFO] command processing is alive.
2025-11-23 05:49:50,806 [INFO] command processing is alive.
2025-11-23 05:54:51,228 [INFO] command processing is alive.
2025-11-23 05:56:58,282 [INFO] Refreshing listener credentials
2025-11-23 05:56:58,365 [INFO] Scheduling next credential refresh in 1799.0 seconds
2025-11-23 05:59:51,638 [INFO] command processing is alive.
2025-11-23 06:04:52,092 [INFO] command processing is alive.
2025-11-23 06:09:52,513 [INFO] command processing is alive.
2025-11-23 06:14:52,939 [INFO] command processing is alive.
2025-11-23 06:19:53,358 [INFO] command processing is alive.
2025-11-23 06:24:53,770 [INFO] command processing is alive.
2025-11-23 06:26:57,365 [INFO] Refreshing listener credentials
2025-11-23 06:26:57,444 [INFO] Scheduling next credential refresh in 1799.0 seconds
2025-11-23 06:29:54,185 [INFO] command processing is alive.
2025-11-23 06:34:55,471 [INFO] command processing is alive.
2025-11-23 06:39:55,902 [INFO] command processing is alive.
2025-11-23 06:44:56,324 [INFO] command processing is alive.
2025-11-23 06:49:56,778 [INFO] command processing is alive.
2025-11-23 06:54:57,208 [INFO] command processing is alive.
2025-11-23 06:56:56,444 [INFO] Refreshing listener credentials
2025-11-23 06:56:56,529 [INFO] Scheduling next credential refresh in 1799.0 seconds
2025-11-23 06:59:57,632 [INFO] command processing is alive.
2025-11-23 07:04:58,041 [INFO] command processing is alive.
2025-11-23 07:09:58,475 [INFO] command processing is alive.
2025-11-23 07:14:58,892 [INFO] command processing is alive.
2025-11-23 07:19:59,341 [INFO] command processing is alive.
2025-11-23 07:24:59,761 [INFO] command processing is alive.
2025-11-23 07:26:55,529 [INFO] Refreshing listener credentials
2025-11-23 07:26:55,609 [INFO] Scheduling next credential refresh in 1799.0 seconds
2025-11-23 07:30:00,271 [INFO] command processing is alive.
2025-11-23 07:35:00,715 [INFO] command processing is alive.
2025-11-23 07:40:01,145 [INFO] command processing is alive.
2025-11-23 07:45:01,662 [INFO] command processing is alive.
2025-11-23 07:50:02,245 [INFO] command processing is alive.
2025-11-23 07:55:02,778 [INFO] command processing is alive.
2025-11-23 07:56:54,609 [INFO] Refreshing listener credentials
2025-11-23 07:56:54,694 [INFO] Scheduling next credential refresh in 1799.0 seconds
2025-11-23 08:00:03,216 [INFO] command processing is alive.
2025-11-23 08:05:03,657 [INFO] command processing is alive.
2025-11-23 08:10:04,066 [INFO] command processing is alive.
2025-11-23 08:15:04,496 [INFO] command processing is alive.
2025-11-23 08:20:04,913 [INFO] command processing is alive.
2025-11-23 08:25:05,328 [INFO] command processing is alive.
2025-11-23 08:26:53,694 [INFO] Refreshing listener credentials
2025-11-23 08:26:53,778 [INFO] Scheduling next credential refresh in 1799.0 seconds
2025-11-23 08:30:05,745 [INFO] command processing is alive.
2025-11-23 08:35:06,156 [INFO] command processing is alive.
2025-11-23 08:40:06,609 [INFO] command processing is alive.
2025-11-23 08:45:07,019 [INFO] command processing is alive.
2025-11-23 08:50:07,438 [INFO] command processing is alive.
2025-11-23 08:55:07,877 [INFO] command processing is alive.
2025-11-23 08:56:52,779 [INFO] Refreshing listener credentials
2025-11-23 08:56:52,858 [INFO] Scheduling next credential refresh in 1799.0 seconds
2025-11-23 09:00:08,298 [INFO] command processing is alive.
2025-11-23 09:05:08,722 [INFO] command processing is alive.
2025-11-23 09:10:09,146 [INFO] command processing is alive.
2025-11-23 09:15:09,591 [INFO] command processing is alive.
2025-11-23 09:16:20,947 [INFO] Received command ElasticBeanstalkCommand-AWSEBAutoScalingGroup (invocation id: f8af5725-7a1d-49ff-ad7b-89f645c35f0c)
2025-11-23 09:16:20,947 [INFO] Running action for aws-eb-command-handler
2025-11-23 09:16:32,664 [INFO] Action for aws-eb-command-handler succeeded, returning SUCCESS
2025-11-23 09:20:13,058 [INFO] command processing is alive.
2025-11-23 09:25:13,476 [INFO] command processing is alive.
2025-11-23 09:26:51,859 [INFO] Refreshing listener credentials
2025-11-23 09:26:51,940 [INFO] Scheduling next credential refresh in 1799.0 seconds
2025-11-23 09:30:13,884 [INFO] command processing is alive.
2025-11-23 09:35:14,296 [INFO] command processing is alive.
2025-11-23 09:39:59,200 [INFO] Received command ElasticBeanstalkCommand-AWSEBAutoScalingGroup (invocation id: 2bf6d55a-ccc2-4970-a140-8cbd16607aeb)
2025-11-23 09:39:59,201 [INFO] Running action for aws-eb-command-handler
2025-11-23 09:40:12,548 [INFO] Action for aws-eb-command-handler succeeded, returning SUCCESS
2025-11-23 09:40:32,639 [INFO] command processing is alive.
2025-11-23 09:45:15,650 [INFO] Received command ElasticBeanstalkCommand-AWSEBAutoScalingGroup (invocation id: 2a75b6df-5c3d-4888-834d-ff67bf9e9d18)
2025-11-23 09:45:15,650 [INFO] Running action for aws-eb-command-handler
