[2025-11-22T15:27:18Z] Started EB User Data
+ SLEEP_TIME=2
+ SLEEP_TIME_MAX=3600
+ true
+ curl https://elasticbeanstalk-platform-assets-us-east-1.s3.amazonaws.com/stalks/eb_nodejs24_amazon_linux_2023_1.0.1472.0_20251119002845/lib/UserDataScript.sh
  % Total    % Received % Xferd  Average Speed   Time    Time     Time  Current
                                 Dload  Upload   Total   Spent    Left  Speed
  0     0    0     0    0     0      0      0 --:--:-- --:--:-- --:--:--     0100  4838  100  4838    0     0  92549      0 --:--:-- --:--:-- --:--:-- 94862
+ RESULT=0
+ [[ 0 -ne 0 ]]
+ /bin/bash /tmp/ebbootstrap.sh 'https://cloudformation-waitcondition-us-east-1.s3.amazonaws.com/arn%3Aaws%3Acloudformation%3Aus-east-1%3A029834225414%3Astack/awseb-e-qqns8tzukx-stack/a14b88f0-c7b7-11f0-bb40-0affc161647d/a14d84c0-c7b7-11f0-bb40-0affc161647d/AWSEBInstanceLaunchWaitHandle?X-Amz-Algorithm=AWS4-HMAC-SHA256&X-Amz-Date=20251122T152638Z&X-Amz-SignedHeaders=host&X-Amz-Expires=86399&X-Amz-Credential=AKIA6L7Q4OWT3JRXU3BZ%2F20251122%2Fus-east-1%2Fs3%2Faws4_request&X-Amz-Signature=9aa3e33506ab8e0b4d082bf0a33b4c5c7ed3696d702f024f5129b257d991f1a4' arn:aws:cloudformation:us-east-1:029834225414:stack/awseb-e-qqns8tzukx-stack/a14b88f0-c7b7-11f0-bb40-0affc161647d bc63bb25-280e-4755-a399-488c8990073a https://elasticbeanstalk-health.us-east-1.amazonaws.com '' https://elasticbeanstalk-platform-assets-us-east-1.s3.amazonaws.com/stalks/eb_nodejs24_amazon_linux_2023_1.0.1472.0_20251119002845 us-east-1
[2025-11-22T15:27:18.745Z] Started EB Bootstrapping Script.
[2025-11-22T15:27:18.750Z] Received parameters:
 TARBALLS = 
 EB_GEMS = 
 SIGNAL_URL = https://cloudformation-waitcondition-us-east-1.s3.amazonaws.com/arn%3Aaws%3Acloudformation%3Aus-east-1%3A029834225414%3Astack/awseb-e-qqns8tzukx-stack/a14b88f0-c7b7-11f0-bb40-0affc161647d/a14d84c0-c7b7-11f0-bb40-0affc161647d/AWSEBInstanceLaunchWaitHandle?X-Amz-Algorithm=AWS4-HMAC-SHA256&X-Amz-Date=20251122T152638Z&X-Amz-SignedHeaders=host&X-Amz-Expires=86399&X-Amz-Credential=AKIA6L7Q4OWT3JRXU3BZ%2F20251122%2Fus-east-1%2Fs3%2Faws4_request&X-Amz-Signature=9aa3e33506ab8e0b4d082bf0a33b4c5c7ed3696d702f024f5129b257d991f1a4
 STACK_ID = arn:aws:cloudformation:us-east-1:029834225414:stack/awseb-e-qqns8tzukx-stack/a14b88f0-c7b7-11f0-bb40-0affc161647d
 REGION = us-east-1
 GUID = 
 HEALTHD_GROUP_ID = bc63bb25-280e-4755-a399-488c8990073a
 HEALTHD_ENDPOINT = https://elasticbeanstalk-health.us-east-1.amazonaws.com
 PROXY_SERVER = 
 HEALTHD_PROXY_LOG_LOCATION = 
 PLATFORM_ASSETS_URL = https://elasticbeanstalk-platform-assets-us-east-1.s3.amazonaws.com/stalks/eb_nodejs24_amazon_linux_2023_1.0.1472.0_20251119002845
[2025-11-22T15:27:18.778Z] engine url is set to https://elasticbeanstalk-platform-assets-us-east-1.s3.amazonaws.com/stalks/eb_nodejs24_amazon_linux_2023_1.0.1472.0_20251119002845/lib/platform-engine.zip
[2025-11-22T15:27:18.780Z] first init of instance.
[2025-11-22T15:27:18.786Z] Started executing cfn_init _OnInstanceBoot.
[2025-11-22T15:27:18.790Z] Running cfn-init ConfigSet: _OnInstanceBoot.
[2025-11-22T15:27:18.792Z] Using stack-id from userdata
[2025-11-22T15:27:19.659Z] Command Returned: 
[2025-11-22T15:27:19.662Z] Completed executing cfn_init.
[2025-11-22T15:27:19.664Z] finished _OnInstanceBoot
[2025-11-22T15:27:19.667Z] installing platform engine
2025-11-22 15:27:20 URL:https://elasticbeanstalk-platform-assets-us-east-1.s3.amazonaws.com/stalks/eb_nodejs24_amazon_linux_2023_1.0.1472.0_20251119002845/lib/platform-engine.zip [33665461/33665461] -> "/tmp/platform-engine.zip" [1]
[2025-11-22T15:27:20.928Z] executing platform engine. see /var/log/eb-engine.log.
[2025-11-22T15:27:22.654Z] Successfully bootstrapped instance.
[2025-11-22T15:27:22.658Z] Sending signal 0 to CFN wait condition https://cloudformation-waitcondition-us-east-1.s3.amazonaws.com/arn%3Aaws%3Acloudformation%3Aus-east-1%3A029834225414%3Astack/awseb-e-qqns8tzukx-stack/a14b88f0-c7b7-11f0-bb40-0affc161647d/a14d84c0-c7b7-11f0-bb40-0affc161647d/AWSEBInstanceLaunchWaitHandle?X-Amz-Algorithm=AWS4-HMAC-SHA256&X-Amz-Date=20251122T152638Z&X-Amz-SignedHeaders=host&X-Amz-Expires=86399&X-Amz-Credential=AKIA6L7Q4OWT3JRXU3BZ%2F20251122%2Fus-east-1%2Fs3%2Faws4_request&X-Amz-Signature=9aa3e33506ab8e0b4d082bf0a33b4c5c7ed3696d702f024f5129b257d991f1a4
CloudFormation signaled successfully with status SUCCESS
[2025-11-22T15:27:23.066Z] Tailing /var/log/eb-engine.log

******************* eb-engine taillog *******************
2025/11/22 15:27:21.756400 [INFO] bootstrap healthd....
2025/11/22 15:27:21.756420 [INFO] Running command: /usr/bin/id -u healthd || /usr/sbin/useradd --user-group healthd -s /sbin/nologin --create-home
2025/11/22 15:27:21.760966 [INFO] 1001

2025/11/22 15:27:21.761285 [INFO] configure bundle log for healthd...
2025/11/22 15:27:21.761351 [INFO] Executing instruction: GetSetupProxyLog
2025/11/22 15:27:21.761419 [INFO] Skipping Install yum packages
2025/11/22 15:27:21.761424 [INFO] Skipping Install default nodejs
2025/11/22 15:27:21.761428 [INFO] Skipping MarkBaked
2025/11/22 15:27:21.761432 [INFO] Instance has NOT been bootstrapped
2025/11/22 15:27:21.761435 [INFO] Executing instruction: TuneSystemSettings
2025/11/22 15:27:21.761437 [INFO] Starting TuneSystemSettings
2025/11/22 15:27:21.761440 [INFO] Instance has NOT been bootstrapped
2025/11/22 15:27:21.764035 [INFO] Executing instruction: GetSetupLogRotate
2025/11/22 15:27:21.764046 [INFO] Initialize LogRotate files and directories
2025/11/22 15:27:21.782984 [INFO] Instance has NOT been bootstrapped
2025/11/22 15:27:21.782999 [INFO] Executing instruction: BootstrapCFNHup
2025/11/22 15:27:21.783002 [INFO] Bootstrap cfn-hup
2025/11/22 15:27:21.785244 [INFO] Copying file /opt/elasticbeanstalk/config/private/aws-eb-command-handler.conf to /etc/cfn/hooks.d/aws-eb-command-handler.conf
2025/11/22 15:27:21.787403 [INFO] Executing instruction: StartCFNHup
2025/11/22 15:27:21.787411 [INFO] Start cfn-hup
2025/11/22 15:27:21.787425 [INFO] Running command: systemctl show -p PartOf cfn-hup.service
2025/11/22 15:27:21.802115 [INFO] cfn-hup is not registered with EB yet, registering it now
2025/11/22 15:27:21.802152 [INFO] Running command: systemctl show -p PartOf cfn-hup.service
2025/11/22 15:27:21.817997 [INFO] Running command: systemctl daemon-reload
2025/11/22 15:27:22.029225 [INFO] Running command: systemctl reset-failed
2025/11/22 15:27:22.039629 [INFO] Running command: systemctl is-enabled aws-eb.target
2025/11/22 15:27:22.047731 [INFO] Running command: systemctl enable aws-eb.target
2025/11/22 15:27:22.319315 [INFO] Running command: systemctl start aws-eb.target
2025/11/22 15:27:22.328627 [INFO] Running command: systemctl enable cfn-hup.service
2025/11/22 15:27:22.567321 [INFO] Created symlink /etc/systemd/system/multi-user.target.wants/cfn-hup.service → /etc/systemd/system/cfn-hup.service.

2025/11/22 15:27:22.567354 [INFO] Running command: systemctl is-active cfn-hup.service
2025/11/22 15:27:22.575670 [INFO] cfn-hup process is not running, starting it now
2025/11/22 15:27:22.575699 [INFO] Running command: systemctl show -p PartOf cfn-hup.service
2025/11/22 15:27:22.585974 [INFO] Running command: systemctl is-active cfn-hup.service
2025/11/22 15:27:22.593173 [INFO] Running command: systemctl start cfn-hup.service
2025/11/22 15:27:22.648914 [INFO] Instance has NOT been bootstrapped
2025/11/22 15:27:22.648930 [INFO] Executing instruction: SetupPublishLogCronjob
2025/11/22 15:27:22.648933 [INFO] Setup publish logs cron job...
2025/11/22 15:27:22.648936 [INFO] Copying file /opt/elasticbeanstalk/config/private/logtasks/cron/publishlogs to /etc/cron.d/publishlogs
2025/11/22 15:27:22.651858 [INFO] Instance has NOT been bootstrapped
2025/11/22 15:27:22.651868 [INFO] Executing instruction: MarkBootstrapped
2025/11/22 15:27:22.651871 [INFO] Starting MarkBootstrapped
2025/11/22 15:27:22.651875 [INFO] Instance has NOT been bootstrapped
2025/11/22 15:27:22.651955 [INFO] Marked instance as Bootstrapped
2025/11/22 15:27:22.651959 [INFO] Executing instruction: Save CFN Stack Info
2025/11/22 15:27:22.652176 [INFO] Executing cleanup logic
2025/11/22 15:27:22.652186 [INFO] Platform Engine finished execution on command: env-launch
******************* End of taillog *******************


[2025-11-22T15:27:23.091Z] Tailing /var/log/eb-tools.log

******************* eb-tools taillog *******************
***eb-tools is not available yet.***
******************* End of taillog *******************


[2025-11-22T15:27:23.139Z] Tailing /var/log/eb-hooks.log

******************* eb-hooks taillog *******************
***eb-hooks is not available yet.***
******************* End of taillog *******************


[2025-11-22T15:27:23.143Z] Tailing /var/log/cfn-init.log

******************* cfn-init taillog *******************
2025-11-22 15:27:19,271 [INFO] -----------------------Starting build-----------------------
2025-11-22 15:27:19,276 [INFO] Running configSets: _OnInstanceBoot
2025-11-22 15:27:19,278 [INFO] Running configSet _OnInstanceBoot
2025-11-22 15:27:19,281 [INFO] Running config AWSEBBaseConfig
2025-11-22 15:27:19,614 [INFO] Command clearbackupfiles succeeded
2025-11-22 15:27:19,617 [INFO] Running config AWSEBCfnHupEndpointOverride
2025-11-22 15:27:19,622 [INFO] Command clearbackupfiles succeeded
2025-11-22 15:27:19,624 [INFO] ConfigSets completed
2025-11-22 15:27:19,624 [INFO] -----------------------Build complete-----------------------
******************* End of taillog *******************


[2025-11-22T15:27:23.148Z] Tailing /var/log/cfn-hup.log

******************* cfn-hup taillog *******************
2025-11-22 15:27:22,956 [DEBUG] CloudFormation client initialized with endpoint https://cloudformation.us-east-1.amazonaws.com
2025-11-22 15:27:22,957 [DEBUG] SQS client initialized with endpoint https://sqs.us-east-1.amazonaws.com
2025-11-22 15:27:22,957 [DEBUG] CloudFormation client initialized with endpoint https://cloudformation.us-east-1.amazonaws.com
2025-11-22 15:27:22,957 [DEBUG] Enabled single threading mode.
2025-11-22 15:27:22,957 [DEBUG] Creating /var/lib/cfn-hup/data
2025-11-22 15:27:22,968 [INFO] No umask value specified in config file. Using the default one: 0o22
2025-11-22 15:27:23,027 [INFO] Pid: 1770
******************* End of taillog *******************


[2025-11-22T15:27:23.154Z] Completed EB Bootstrapping Script.
+ RESULT=0
+ [[ 0 -ne 0 ]]
+ exit 0
